<?xml version="1.0" encoding="UTF-8" ?>
<testsuite 
errors="0" failures="0" hostname="SC-202001161448" name="UserProfileActivity" tests="9" time="0.014" timestamp="2020-04-21T20:46:07">
  <properties>
[...]
</properties>
  <testcase 
  name="clickedIndex=3 action=Clicked
xpath=//*[@resource-id=\&quot;com.xueqiu.android:id/decor_content_parent\&quot;]//*[@resource-id=\&quot;android:id/content\&quot;]//*[@resource-id=\&quot;com.xueqiu.android:id/refresh_layout\&quot;]//*[@resource-id=\&quot;com.xueqiu.android:id/indicator_ll\&quot;]//*[@resource-id=\&quot;com.xueqiu.android:id/view_pager\&quot;]//*[@resource-id=\&quot;com.xueqiu.android:id/refresh_layout\&quot;]//*[@resource-id=\&quot;com.xueqiu.android:id/list_view\&quot;]//*[@resource-id=\&quot;com.xueqiu.android:id/status_card_header_id\&quot;]//*[@resource-id=\&quot;com.xueqiu.android:id/name_layout\&quot;]//*[@text=\&quot;仙源游侠\&quot; and @resource-id=\&quot;com.xueqiu.android:id/userName\&quot;]" classname="UserProfileActivity" time="0.0">
</testcase>
  <testcase 
  name="clickedIndex=4 action=Clicked
xpath=//*[@resource-id=\&quot;com.xueqiu.android:id/decor_content_parent\&quot;]//*[@resource-id=\&quot;android:id/content\&quot;]//*[@resource-id=\&quot;com.xueqiu.android:id/refresh_layout\&quot;]//*[@resource-id=\&quot;com.xueqiu.android:id/indicator_ll\&quot;]//*[@resource-id=\&quot;com.xueqiu.android:id/view_pager\&quot;]//*[@resource-id=\&quot;com.xueqiu.android:id/refresh_layout\&quot;]//*[@resource-id=\&quot;com.xueqiu.android:id/list_view\&quot;]//*[@resource-id=\&quot;com.xueqiu.android:id/trade_opportunity\&quot;]//*[@resource-id=\&quot;com.xueqiu.android:id/card_tag\&quot;]//*[@text=\&quot;股民的日常\&quot; and @resource-id=\&quot;com.xueqiu.android:id/name\&quot;]" classname="UserProfileActivity" time="0.0">
</testcase>
  <testcase 
  name="clickedIndex=6 action=Clicked
xpath=//*[@resource-id=\&quot;com.xueqiu.android:id/decor_content_parent\&quot;]//*[@resource-id=\&quot;android:id/content\&quot;]//*[@resource-id=\&quot;com.xueqiu.android:id/refresh_layout\&quot;]//*[@resource-id=\&quot;com.xueqiu.android:id/indicator_ll\&quot;]//*[@resource-id=\&quot;com.xueqiu.android:id/view_pager\&quot;]//*[@resource-id=\&quot;com.xueqiu.android:id/refresh_layout\&quot;]//*[@resource-id=\&quot;com.xueqiu.android:id/list_view\&quot;]//*[@resource-id=\&quot;com.xueqiu.android:id/status_card_header_id\&quot;]//*[@resource-id=\&quot;com.xueqiu.android:id/name_layout\&quot;]//*[@text=\&quot;粹语\&quot; and @resource-id=\&quot;com.xueqiu.android:id/userName\&quot;]" classname="UserProfileActivity" time="0.0">
</testcase>
  <testcase 
  name="clickedIndex=7 action=Clicked
xpath=//*[@resource-id=\&quot;com.xueqiu.android:id/decor_content_parent\&quot;]//*[@resource-id=\&quot;android:id/content\&quot;]//*[@resource-id=\&quot;com.xueqiu.android:id/refresh_layout\&quot;]//*[@resource-id=\&quot;com.xueqiu.android:id/indicator_ll\&quot;]//*[@resource-id=\&quot;com.xueqiu.android:id/view_pager\&quot;]//*[@resource-id=\&quot;com.xueqiu.android:id/refresh_layout\&quot;]//*[@resource-id=\&quot;com.xueqiu.android:id/list_view\&quot;]//*[@resource-id=\&quot;com.xueqiu.android:id/status_card_header_id\&quot;]//*[@resource-id=\&quot;com.xueqiu.android:id/profileImage\&quot;]//*[@resource-id=\&quot;com.xueqiu.android:id/profileImage\&quot;]" classname="UserProfileActivity" time="0.001">
</testcase>
  <testcase 
  name="clickedIndex=8 action=Clicked
xpath=//*[@resource-id=\&quot;com.xueqiu.android:id/decor_content_parent\&quot;]//*[@resource-id=\&quot;android:id/content\&quot;]//*[@resource-id=\&quot;com.xueqiu.android:id/refresh_layout\&quot;]//*[@resource-id=\&quot;com.xueqiu.android:id/indicator_ll\&quot;]//*[@resource-id=\&quot;com.xueqiu.android:id/view_pager\&quot;]//*[@resource-id=\&quot;com.xueqiu.android:id/refresh_layout\&quot;]//*[@resource-id=\&quot;com.xueqiu.android:id/list_view\&quot;]//*[@resource-id=\&quot;com.xueqiu.android:id/status_card_foot_id\&quot;]//*[@resource-id=\&quot;com.xueqiu.android:id/normal_answer_layout\&quot;]//*[@resource-id=\&quot;com.xueqiu.android:id/reward_count_view\&quot;]//*[@text=\&quot;1\&quot; and @resource-id=\&quot;com.xueqiu.android:id/reward_snowcoin\&quot;]" classname="UserProfileActivity" time="0.001">
</testcase>
  <testcase 
  name="clickedIndex=9 action=Clicked
xpath=//*[@resource-id=\&quot;com.xueqiu.android:id/decor_content_parent\&quot;]//*[@resource-id=\&quot;android:id/content\&quot;]//*[@resource-id=\&quot;com.xueqiu.android:id/refresh_layout\&quot;]//*[@resource-id=\&quot;com.xueqiu.android:id/indicator_ll\&quot;]//*[@resource-id=\&quot;com.xueqiu.android:id/view_pager\&quot;]//*[@resource-id=\&quot;com.xueqiu.android:id/refresh_layout\&quot;]//*[@resource-id=\&quot;com.xueqiu.android:id/list_view\&quot;]//*[@resource-id=\&quot;com.xueqiu.android:id/status_card_foot_id\&quot;]//*[@resource-id=\&quot;com.xueqiu.android:id/normal_answer_layout\&quot;]//*[@resource-id=\&quot;com.xueqiu.android:id/reward_count_view\&quot;]//*[@text=\&quot;2\&quot; and @resource-id=\&quot;com.xueqiu.android:id/reward_snowcoin\&quot;]" classname="UserProfileActivity" time="0.001">
</testcase>
  <testcase 
  name="clickedIndex=10 action=Clicked
xpath=//*[@resource-id=\&quot;com.xueqiu.android:id/decor_content_parent\&quot;]//*[@resource-id=\&quot;android:id/content\&quot;]//*[@resource-id=\&quot;com.xueqiu.android:id/refresh_layout\&quot;]//*[@resource-id=\&quot;com.xueqiu.android:id/indicator_ll\&quot;]//*[@resource-id=\&quot;com.xueqiu.android:id/view_pager\&quot;]//*[@resource-id=\&quot;com.xueqiu.android:id/refresh_layout\&quot;]//*[@resource-id=\&quot;com.xueqiu.android:id/list_view\&quot;]//*[@resource-id=\&quot;com.xueqiu.android:id/status_card_foot_id\&quot;]//*[@resource-id=\&quot;com.xueqiu.android:id/normal_answer_layout\&quot;]//*[@resource-id=\&quot;com.xueqiu.android:id/more_action_button\&quot;]" classname="UserProfileActivity" time="0.0">
</testcase>
  <testcase 
  name="clickedIndex=11 action=Clicked
xpath=//*[@resource-id=\&quot;com.xueqiu.android:id/action_bar_root\&quot;]//*[@resource-id=\&quot;android:id/content\&quot;]//*[@resource-id=\&quot;com.xueqiu.android:id/container\&quot;]//*[@resource-id=\&quot;com.xueqiu.android:id/coordinator\&quot;]//*[@resource-id=\&quot;com.xueqiu.android:id/design_bottom_sheet\&quot;]//*[@resource-id=\&quot;com.xueqiu.android:id/more_action_container\&quot;]//*[@resource-id=\&quot;com.xueqiu.android:id/favorite\&quot;]//*[@text=\&quot;收藏\&quot;]" classname="UserProfileActivity" time="0.001">
</testcase>
  <testcase 
  name="clickedIndex=12 action=Clicked
xpath=//*[@resource-id=\&quot;com.xueqiu.android:id/decor_content_parent\&quot;]//*[@resource-id=\&quot;android:id/content\&quot;]//*[@resource-id=\&quot;com.xueqiu.android:id/refresh_layout\&quot;]//*[@resource-id=\&quot;com.xueqiu.android:id/indicator_ll\&quot;]//*[@resource-id=\&quot;com.xueqiu.android:id/view_pager\&quot;]//*[@resource-id=\&quot;com.xueqiu.android:id/refresh_layout\&quot;]//*[@resource-id=\&quot;com.xueqiu.android:id/list_view\&quot;]//*[@resource-id=\&quot;com.xueqiu.android:id/status_card_foot_id\&quot;]//*[@resource-id=\&quot;com.xueqiu.android:id/normal_answer_layout\&quot;]//*[@resource-id=\&quot;com.xueqiu.android:id/retweet_count_view\&quot;]" classname="UserProfileActivity" time="0.001">
</testcase>
  <system-out><![CDATA[]]></system-out>
  <system-err><![CDATA[]]></system-err>
</testsuite>
